2025-06-27 11:52:10,973 [INFO] - Not running in a virtual environment. Starting setup...
2025-06-27 11:52:11,038 [INFO] - Creating virtual environment at C:\Users\ghazl\OneDrive\Desktop\Wow Factor\.venv...
2025-06-27 11:52:16,808 [INFO] - Virtual environment created successfully.
2025-06-27 11:52:16,808 [INFO] - Installing/Updating dependencies from requirements.txt...
2025-06-27 11:52:51,285 [INFO] - Dependencies installed successfully.
2025-06-27 11:52:51,285 [INFO] - Setup complete. Re-launching script inside the virtual environment...
2025-06-27 11:52:59,277 [INFO] - ==================== Application Session Started ====================
2025-06-27 11:53:07,438 [INFO] - User chose 'System & Performance' from 'WowFactor Python' menu.
2025-06-27 11:53:07,470 [INFO] - Displayed system information.
2025-06-27 11:53:08,474 [INFO] - Displayed performance monitor.
2025-06-27 11:53:35,041 [INFO] - User chose 'Data Management' from 'WowFactor Python' menu.
2025-06-27 11:53:47,050 [INFO] - User chose 'Back to Main Menu' from 'Data Management' menu.
2025-06-27 11:53:52,498 [INFO] - User chose 'Shape Management' from 'WowFactor Python' menu.
2025-06-27 11:53:53,906 [INFO] - User chose 'View Shapes' from 'Shape Management' menu.
2025-06-27 11:54:00,084 [INFO] - User chose 'View Shapes' from 'Shape Management' menu.
2025-06-27 11:54:09,548 [INFO] - User chose 'Add Shape' from 'Shape Management' menu.
2025-06-27 11:54:19,910 [INFO] - Shape added: Rectangle(width=5.00, height=2.00, Area=10.00, Perimeter=14.00)
2025-06-27 11:54:27,639 [INFO] - User chose 'Back to Main Menu' from 'Shape Management' menu.
2025-06-27 11:54:31,343 [INFO] - User chose 'Shape Management' from 'WowFactor Python' menu.
2025-06-27 11:54:32,095 [INFO] - User chose 'View Shapes' from 'Shape Management' menu.
2025-06-27 11:54:35,968 [INFO] - User chose 'Back to Main Menu' from 'Shape Management' menu.
2025-06-27 11:54:38,439 [INFO] - User chose 'Data Management' from 'WowFactor Python' menu.
2025-06-27 11:54:45,489 [INFO] - User chose 'Generate Random Points' from 'Data Management' menu.
2025-06-27 11:54:50,889 [INFO] - 42 random data points generated.
2025-06-27 11:54:54,570 [INFO] - User chose 'View Data Points' from 'Data Management' menu.
2025-06-27 11:55:00,266 [INFO] - User chose 'Back to Main Menu' from 'Data Management' menu.
2025-06-27 11:55:07,195 [INFO] - User chose 'Data Management' from 'WowFactor Python' menu.
2025-06-27 11:55:09,996 [INFO] - User chose 'Calculate Statistics' from 'Data Management' menu.
2025-06-27 11:55:09,996 [INFO] - Calculated and displayed statistics.
2025-06-27 11:55:18,948 [INFO] - User chose 'Back to Main Menu' from 'Data Management' menu.
2025-06-27 11:55:27,070 [INFO] - User chose 'Quit' from 'WowFactor Python' menu.
2025-06-27 11:55:27,070 [INFO] - ==================== Application Session Ended ======================
2025-06-27 12:07:25,972 [INFO] - Not running in a virtual environment. Starting setup...
2025-06-27 12:07:26,040 [INFO] - Virtual environment already exists at C:\Users\ghazl\OneDrive\Desktop\Wow Factor\.venv.
2025-06-27 12:07:26,040 [INFO] - Installing/Updating dependencies from requirements.txt...
2025-06-27 12:07:27,369 [INFO] - Dependencies installed successfully.
2025-06-27 12:07:27,369 [INFO] - Setup complete. Re-launching script inside the virtual environment...
2025-06-27 12:07:29,932 [INFO] - ==================== Application Session Started ====================
2025-06-27 12:07:35,247 [INFO] - User chose 'Benchmark Mode' from 'WowFactor Python' menu.
2025-06-27 12:07:39,713 [INFO] - Starting benchmark for 15 seconds.
2025-06-27 12:07:54,723 [INFO] - Benchmark finished. Total operations: 1680 in 15.01s.
2025-06-27 12:11:24,377 [INFO] - User chose 'Quit' from 'WowFactor Python' menu.
2025-06-27 12:11:24,377 [INFO] - ==================== Application Session Ended ======================
2025-06-27 12:13:04,769 [INFO] - Not running in a virtual environment. Starting setup...
2025-06-27 12:13:04,804 [INFO] - Virtual environment already exists at C:\Users\ghazl\OneDrive\Desktop\Wow Factor\.venv.
2025-06-27 12:13:04,805 [INFO] - Installing/Updating dependencies from requirements.txt...
2025-06-27 12:13:06,003 [INFO] - Dependencies installed successfully.
2025-06-27 12:13:06,003 [INFO] - Setup complete. Re-launching script inside the virtual environment...
2025-06-27 12:13:08,848 [INFO] - ==================== Application Session Started ====================
2025-06-27 12:13:08,849 [CRITICAL] - An unhandled exception occurred: name 'DataPoint' is not defined
Traceback (most recent call last):
  File "C:\Users\ghazl\OneDrive\Desktop\Wow Factor\wow.py", line 375, in <module>
    try: main_app()
         ^^^^^^^^^^
  File "C:\Users\ghazl\OneDrive\Desktop\Wow Factor\wow.py", line 332, in main_app
    session_data = {'data_points': [DataPoint(10, 20, "Alpha"), DataPoint(30, 40, "Beta")], 'shapes': [Circle(7.5), Rectangle(10.0, 5.0)]}
                                    ^^^^^^^^^
NameError: name 'DataPoint' is not defined
2025-06-27 12:15:10,311 [INFO] - Not running in a virtual environment. Starting setup...
2025-06-27 12:15:10,376 [INFO] - Virtual environment already exists at C:\Users\ghazl\OneDrive\Desktop\Wow Factor\.venv.
2025-06-27 12:15:10,376 [INFO] - Installing/Updating dependencies from requirements.txt...
2025-06-27 12:15:11,565 [INFO] - Dependencies installed successfully.
2025-06-27 12:15:11,565 [INFO] - Setup complete. Re-launching script inside the virtual environment...
2025-06-27 12:15:12,997 [INFO] - ==================== Application Session Started ====================
2025-06-27 12:15:16,314 [INFO] - User chose 'Benchmark Interface' from 'WowFactor Python' menu.
2025-06-27 12:15:20,426 [INFO] - User chose 'View High Scores' from 'Benchmark Interface' menu.
2025-06-27 12:15:25,763 [INFO] - User chose 'Run New Benchmark' from 'Benchmark Interface' menu.
2025-06-27 12:15:26,814 [INFO] - Starting benchmark for 15 seconds.
2025-06-27 12:15:41,852 [INFO] - Benchmark finished. Total operations: 1736 in 15.04s.
2025-06-27 12:15:41,886 [INFO] - Benchmark JSON results saved to 'benchmark_results\results_20250627_121541.json'
2025-06-27 12:16:17,025 [INFO] - User chose 'View High Scores' from 'Benchmark Interface' menu.
2025-06-27 12:16:23,250 [INFO] - User chose 'Return to Main System' from 'Benchmark Interface' menu.
2025-06-27 12:16:31,491 [INFO] - User chose 'Quit' from 'WowFactor Python' menu.
2025-06-27 12:16:31,491 [INFO] - ==================== Application Session Ended ======================
2025-06-27 12:21:50,395 [INFO] - Not running in a virtual environment. Starting setup...
2025-06-27 12:21:50,465 [INFO] - Virtual environment already exists at C:\Users\ghazl\OneDrive\Desktop\Wow Factor\.venv.
2025-06-27 12:21:50,465 [INFO] - Installing/Updating dependencies from requirements.txt...
2025-06-27 12:21:51,698 [INFO] - Dependencies installed successfully.
2025-06-27 12:21:51,698 [INFO] - Setup complete. Re-launching script inside the virtual environment...
2025-06-27 12:21:53,323 [INFO] - ==================== Application Session Started ====================
2025-06-27 12:21:56,352 [INFO] - User chose 'Benchmark Interface' from 'WowFactor Python' menu.
2025-06-27 12:22:00,640 [INFO] - User chose 'Run New Benchmark' from 'Benchmark Interface' menu.
2025-06-27 12:22:01,834 [INFO] - Starting benchmark for 15 seconds.
2025-06-27 12:22:16,898 [INFO] - Benchmark finished. Total operations: 1896 in 15.06s.
2025-06-27 12:22:16,936 [INFO] - Benchmark JSON results saved to 'benchmark_results\results_20250627_122216.json'
2025-06-27 12:22:43,124 [INFO] - User chose 'View High Scores' from 'Benchmark Interface' menu.
2025-06-27 12:22:58,582 [INFO] - User chose 'Run New Benchmark' from 'Benchmark Interface' menu.
2025-06-27 12:23:00,065 [INFO] - Starting benchmark for 15 seconds.
2025-06-27 12:23:15,069 [INFO] - Benchmark finished. Total operations: 1817 in 15.00s.
2025-06-27 12:23:15,070 [INFO] - Benchmark JSON results saved to 'benchmark_results\results_20250627_122315.json'
2025-06-27 12:23:31,137 [INFO] - User chose 'View High Scores' from 'Benchmark Interface' menu.
2025-06-27 12:23:48,819 [INFO] - User chose 'Return to Main System' from 'Benchmark Interface' menu.
2025-06-27 12:23:51,099 [INFO] - User chose 'Quit' from 'WowFactor Python' menu.
2025-06-27 12:23:51,100 [INFO] - ==================== Application Session Ended ======================
2025-06-27 12:24:07,921 [INFO] - Not running in a virtual environment. Starting setup...
2025-06-27 12:24:07,984 [INFO] - Virtual environment already exists at C:\Users\ghazl\OneDrive\Desktop\Wow Factor\.venv.
2025-06-27 12:24:07,984 [INFO] - Installing/Updating dependencies from requirements.txt...
2025-06-27 12:24:09,170 [INFO] - Dependencies installed successfully.
2025-06-27 12:24:09,170 [INFO] - Setup complete. Re-launching script inside the virtual environment...
2025-06-27 12:24:10,701 [INFO] - ==================== Application Session Started ====================
2025-06-27 12:24:13,855 [INFO] - User chose 'Benchmark Interface' from 'WowFactor Python' menu.
2025-06-27 12:24:22,223 [INFO] - User chose 'Run New Benchmark' from 'Benchmark Interface' menu.
2025-06-27 12:24:44,618 [INFO] - Starting benchmark for INFINITE.
2025-06-27 12:25:06,919 [WARNING] - Benchmark stopped by user.
2025-06-27 12:25:06,919 [INFO] - Benchmark finished. Total operations: 2550 in 22.30s.
2025-06-27 12:25:06,954 [INFO] - Benchmark JSON results saved to 'benchmark_results\results_20250627_122506.json'
2025-06-27 12:25:13,653 [INFO] - User chose 'Run Batch Benchmark' from 'Benchmark Interface' menu.
2025-06-27 12:25:30,637 [INFO] - Starting benchmark for 15 seconds.
2025-06-27 12:25:45,664 [INFO] - Benchmark finished. Total operations: 1794 in 15.03s.
2025-06-27 12:25:45,665 [INFO] - Benchmark JSON results saved to 'benchmark_results\results_20250627_122545.json'
2025-06-27 12:25:48,678 [INFO] - Starting benchmark for 15 seconds.
2025-06-27 12:26:03,703 [INFO] - Benchmark finished. Total operations: 1733 in 15.02s.
2025-06-27 12:26:03,704 [INFO] - Benchmark JSON results saved to 'benchmark_results\results_20250627_122603.json'
2025-06-27 12:26:11,524 [INFO] - User chose 'View High Scores' from 'Benchmark Interface' menu.
2025-06-27 12:27:21,780 [INFO] - User chose 'Run New Benchmark' from 'Benchmark Interface' menu.
2025-06-27 12:27:26,334 [INFO] - Starting benchmark for 15 seconds.
2025-06-27 12:27:41,338 [INFO] - Benchmark finished. Total operations: 1737 in 15.00s.
2025-06-27 12:27:41,339 [INFO] - Benchmark JSON results saved to 'benchmark_results\results_20250627_122741.json'
2025-06-27 12:28:11,449 [INFO] - User chose 'Run Batch Benchmark' from 'Benchmark Interface' menu.
2025-06-27 12:30:25,982 [INFO] - Starting benchmark for 2 seconds.
2025-06-27 12:30:27,987 [INFO] - Benchmark finished. Total operations: 301 in 2.00s.
2025-06-27 12:30:27,987 [INFO] - Benchmark JSON results saved to 'benchmark_results\results_20250627_123027.json'
2025-06-27 12:30:31,000 [INFO] - Starting benchmark for 2 seconds.
2025-06-27 12:30:33,028 [INFO] - Benchmark finished. Total operations: 212 in 2.03s.
2025-06-27 12:30:33,028 [INFO] - Benchmark JSON results saved to 'benchmark_results\results_20250627_123033.json'
2025-06-27 12:30:36,041 [INFO] - Starting benchmark for 2 seconds.
2025-06-27 12:30:38,076 [INFO] - Benchmark finished. Total operations: 217 in 2.04s.
2025-06-27 12:30:38,077 [INFO] - Benchmark JSON results saved to 'benchmark_results\results_20250627_123038.json'
2025-06-27 12:30:41,090 [INFO] - Starting benchmark for 2 seconds.
2025-06-27 12:30:43,116 [INFO] - Benchmark finished. Total operations: 245 in 2.03s.
2025-06-27 12:30:43,117 [INFO] - Benchmark JSON results saved to 'benchmark_results\results_20250627_123043.json'
2025-06-27 12:30:46,130 [INFO] - Starting benchmark for 2 seconds.
2025-06-27 12:30:48,144 [INFO] - Benchmark finished. Total operations: 230 in 2.01s.
2025-06-27 12:30:48,145 [INFO] - Benchmark JSON results saved to 'benchmark_results\results_20250627_123048.json'
2025-06-27 12:30:51,157 [INFO] - Starting benchmark for 2 seconds.
2025-06-27 12:30:53,197 [INFO] - Benchmark finished. Total operations: 268 in 2.04s.
2025-06-27 12:30:53,198 [INFO] - Benchmark JSON results saved to 'benchmark_results\results_20250627_123053.json'
2025-06-27 12:30:56,211 [INFO] - Starting benchmark for 2 seconds.
2025-06-27 12:30:58,252 [INFO] - Benchmark finished. Total operations: 239 in 2.04s.
2025-06-27 12:30:58,252 [INFO] - Benchmark JSON results saved to 'benchmark_results\results_20250627_123058.json'
2025-06-27 12:31:01,265 [INFO] - Starting benchmark for 2 seconds.
2025-06-27 12:31:03,281 [INFO] - Benchmark finished. Total operations: 246 in 2.02s.
2025-06-27 12:31:03,282 [INFO] - Benchmark JSON results saved to 'benchmark_results\results_20250627_123103.json'
2025-06-27 12:31:06,295 [INFO] - Starting benchmark for 2 seconds.
2025-06-27 12:31:08,317 [INFO] - Benchmark finished. Total operations: 246 in 2.02s.
2025-06-27 12:31:08,317 [INFO] - Benchmark JSON results saved to 'benchmark_results\results_20250627_123108.json'
2025-06-27 12:31:11,330 [INFO] - Starting benchmark for 2 seconds.
2025-06-27 12:31:13,355 [INFO] - Benchmark finished. Total operations: 236 in 2.03s.
2025-06-27 12:31:13,356 [INFO] - Benchmark JSON results saved to 'benchmark_results\results_20250627_123113.json'
2025-06-27 12:31:16,370 [INFO] - Starting benchmark for 2 seconds.
2025-06-27 12:31:18,389 [INFO] - Benchmark finished. Total operations: 206 in 2.02s.
2025-06-27 12:31:18,390 [INFO] - Benchmark JSON results saved to 'benchmark_results\results_20250627_123118.json'
2025-06-27 12:31:21,403 [INFO] - Starting benchmark for 2 seconds.
2025-06-27 12:31:23,420 [INFO] - Benchmark finished. Total operations: 230 in 2.02s.
2025-06-27 12:31:23,421 [INFO] - Benchmark JSON results saved to 'benchmark_results\results_20250627_123123.json'
2025-06-27 12:31:26,434 [INFO] - Starting benchmark for 2 seconds.
2025-06-27 12:31:28,463 [INFO] - Benchmark finished. Total operations: 238 in 2.03s.
2025-06-27 12:31:28,463 [INFO] - Benchmark JSON results saved to 'benchmark_results\results_20250627_123128.json'
2025-06-27 12:31:31,476 [INFO] - Starting benchmark for 2 seconds.
2025-06-27 12:31:33,521 [INFO] - Benchmark finished. Total operations: 295 in 2.04s.
2025-06-27 12:31:33,522 [INFO] - Benchmark JSON results saved to 'benchmark_results\results_20250627_123133.json'
2025-06-27 12:31:36,535 [INFO] - Starting benchmark for 2 seconds.
2025-06-27 12:31:38,568 [INFO] - Benchmark finished. Total operations: 252 in 2.03s.
2025-06-27 12:31:38,569 [INFO] - Benchmark JSON results saved to 'benchmark_results\results_20250627_123138.json'
2025-06-27 12:31:41,581 [INFO] - Starting benchmark for 2 seconds.
2025-06-27 12:31:43,599 [INFO] - Benchmark finished. Total operations: 217 in 2.02s.
2025-06-27 12:31:43,599 [INFO] - Benchmark JSON results saved to 'benchmark_results\results_20250627_123143.json'
2025-06-27 12:31:46,612 [INFO] - Starting benchmark for 2 seconds.
2025-06-27 12:31:48,635 [INFO] - Benchmark finished. Total operations: 233 in 2.02s.
2025-06-27 12:31:48,636 [INFO] - Benchmark JSON results saved to 'benchmark_results\results_20250627_123148.json'
2025-06-27 12:31:51,649 [INFO] - Starting benchmark for 2 seconds.
2025-06-27 12:31:53,673 [INFO] - Benchmark finished. Total operations: 217 in 2.02s.
2025-06-27 12:31:53,673 [INFO] - Benchmark JSON results saved to 'benchmark_results\results_20250627_123153.json'
2025-06-27 12:31:56,687 [INFO] - Starting benchmark for 2 seconds.
2025-06-27 12:31:58,698 [INFO] - Benchmark finished. Total operations: 192 in 2.01s.
2025-06-27 12:31:58,699 [INFO] - Benchmark JSON results saved to 'benchmark_results\results_20250627_123158.json'
2025-06-27 12:32:01,711 [INFO] - Starting benchmark for 2 seconds.
2025-06-27 12:32:03,764 [INFO] - Benchmark finished. Total operations: 223 in 2.05s.
2025-06-27 12:32:03,765 [INFO] - Benchmark JSON results saved to 'benchmark_results\results_20250627_123203.json'
2025-06-27 12:32:12,299 [INFO] - User chose 'View High Scores' from 'Benchmark Interface' menu.
2025-06-27 12:43:14,131 [INFO] - User chose 'Return to Main System' from 'Benchmark Interface' menu.
2025-06-27 12:43:16,308 [INFO] - User chose 'Quit' from 'WowFactor Python' menu.
2025-06-27 12:43:16,308 [INFO] - ==================== Application Session Ended ======================
2025-06-27 12:43:31,684 [INFO] - Not running in a virtual environment. Starting setup...
2025-06-27 12:43:31,746 [INFO] - Virtual environment already exists at C:\Users\ghazl\OneDrive\Desktop\Wow Factor\.venv.
2025-06-27 12:43:31,747 [INFO] - Installing/Updating dependencies from requirements.txt...
2025-06-27 12:43:32,925 [INFO] - Dependencies installed successfully.
2025-06-27 12:43:32,925 [INFO] - Setup complete. Re-launching script inside the virtual environment...
2025-06-27 12:43:35,596 [INFO] - ==================== Application Session Started ====================
2025-06-27 12:43:38,599 [INFO] - User chose 'Benchmark Interface' from 'WowFactor Python' menu.
2025-06-27 12:43:44,839 [INFO] - User chose 'Return to Main System' from 'Benchmark Interface' menu.
2025-06-27 12:44:49,391 [INFO] - User chose 'Quit' from 'WowFactor Python' menu.
2025-06-27 12:44:49,391 [INFO] - ==================== Application Session Ended ======================
2025-06-27 12:44:50,739 [INFO] - Not running in a virtual environment. Starting setup...
2025-06-27 12:44:50,774 [INFO] - Virtual environment already exists at C:\Users\ghazl\OneDrive\Desktop\Wow Factor\.venv.
2025-06-27 12:44:50,774 [INFO] - Installing/Updating dependencies from requirements.txt...
2025-06-27 12:44:51,943 [INFO] - Dependencies installed successfully.
2025-06-27 12:44:51,943 [INFO] - Setup complete. Re-launching script inside the virtual environment...
2025-06-27 12:44:53,189 [INFO] - ==================== Application Session Started ====================
2025-06-27 12:44:58,919 [INFO] - User chose 'Quit' from 'WowFactor Python' menu.
2025-06-27 12:44:58,919 [INFO] - ==================== Application Session Ended ======================
2025-06-27 12:45:09,258 [INFO] - Not running in a virtual environment. Starting setup...
2025-06-27 12:45:09,285 [INFO] - Virtual environment already exists at C:\Users\ghazl\OneDrive\Desktop\Wow Factor\.venv.
2025-06-27 12:45:09,285 [INFO] - Installing/Updating dependencies from requirements.txt...
2025-06-27 12:45:10,455 [INFO] - Dependencies installed successfully.
2025-06-27 12:45:10,456 [INFO] - Setup complete. Re-launching script inside the virtual environment...
2025-06-27 12:45:12,573 [INFO] - ==================== Application Session Started ====================
2025-06-27 12:45:13,720 [INFO] - User chose 'Benchmark Interface' from 'WowFactor Python' menu.
2025-06-27 12:45:16,177 [INFO] - User chose 'Run New Benchmark' from 'Benchmark Interface' menu.
2025-06-27 12:45:23,477 [INFO] - Starting benchmark for 15.0 seconds.
2025-06-27 12:45:38,522 [INFO] - Benchmark finished. Total operations: 1901 in 15.05s.
2025-06-27 12:45:38,555 [INFO] - Benchmark JSON results saved to 'benchmark_results\results_20250627_124538.json'
2025-06-27 12:45:46,686 [INFO] - User chose 'View High Scores' from 'Benchmark Interface' menu.
2025-06-27 12:45:54,686 [INFO] - User chose 'Run Batch Benchmark' from 'Benchmark Interface' menu.
2025-06-27 12:46:02,957 [INFO] - Starting benchmark for 1 seconds.
2025-06-27 12:46:03,977 [INFO] - Benchmark finished. Total operations: 95 in 1.02s.
2025-06-27 12:46:03,979 [INFO] - Benchmark JSON results saved to 'benchmark_results\results_20250627_124603.json'
2025-06-27 12:46:06,992 [INFO] - Starting benchmark for 1 seconds.
2025-06-27 12:46:08,027 [INFO] - Benchmark finished. Total operations: 212 in 1.04s.
2025-06-27 12:46:08,027 [INFO] - Benchmark JSON results saved to 'benchmark_results\results_20250627_124608.json'
2025-06-27 12:46:18,632 [INFO] - User chose 'View High Scores' from 'Benchmark Interface' menu.
2025-06-27 12:46:57,685 [INFO] - User chose 'Run New Benchmark' from 'Benchmark Interface' menu.
2025-06-27 12:53:58,461 [INFO] - Starting benchmark for 1.0 seconds.
2025-06-27 12:53:59,484 [INFO] - Benchmark finished. Total operations: 107 in 1.02s.
2025-06-27 12:53:59,485 [INFO] - Benchmark JSON results saved to 'benchmark_results\results_20250627_125359.json'
2025-06-27 12:54:04,221 [INFO] - User chose 'View High Scores' from 'Benchmark Interface' menu.
2025-06-27 12:55:02,868 [INFO] - Not running in a virtual environment. Starting setup...
2025-06-27 12:55:02,930 [INFO] - Virtual environment already exists at C:\Users\ghazl\OneDrive\Desktop\Wow Factor\.venv.
2025-06-27 12:55:02,930 [INFO] - Installing/Updating dependencies from requirements.txt...
2025-06-27 12:55:04,106 [INFO] - Dependencies installed successfully.
2025-06-27 12:55:04,106 [INFO] - Setup complete. Re-launching script inside the virtual environment...
2025-06-27 12:55:06,172 [INFO] - ==================== Application Session Started ====================
2025-06-27 12:55:09,756 [INFO] - User chose 'Quit' from 'WowFactor Python' menu.
2025-06-27 12:55:09,756 [INFO] - ==================== Application Session Ended ======================
2025-06-27 12:55:13,295 [INFO] - Not running in a virtual environment. Starting setup...
2025-06-27 12:55:13,320 [INFO] - Virtual environment already exists at C:\Users\ghazl\OneDrive\Desktop\Wow Factor\.venv.
2025-06-27 12:55:13,320 [INFO] - Installing/Updating dependencies from requirements.txt...
2025-06-27 12:55:14,487 [INFO] - Dependencies installed successfully.
2025-06-27 12:55:14,488 [INFO] - Setup complete. Re-launching script inside the virtual environment...
2025-06-27 12:55:15,675 [INFO] - CLI argument '-b' detected. Launching directly into Benchmark Interface.
2025-06-27 12:55:22,822 [INFO] - User chose 'View High Scores' from 'Benchmark Interface' menu.
2025-06-27 13:01:15,543 [INFO] - Not running in a virtual environment. Starting setup...
2025-06-27 13:01:15,604 [INFO] - Virtual environment already exists at C:\Users\ghazl\OneDrive\Desktop\Wow Factor\.venv.
2025-06-27 13:01:15,604 [INFO] - Installing/Updating dependencies from requirements.txt...
2025-06-27 13:01:16,768 [INFO] - Dependencies installed successfully.
2025-06-27 13:01:16,768 [INFO] - Setup complete. Re-launching script inside the virtual environment...
2025-06-27 13:01:19,420 [INFO] - CLI argument '-b' detected. Launching directly into Benchmark Interface.
2025-06-27 13:01:22,902 [INFO] - User chose 'View High Scores' from 'Benchmark Interface' menu.
2025-06-27 13:01:44,408 [INFO] - User chose 'Run New Benchmark' from 'Benchmark Interface' menu.
2025-06-27 13:01:45,292 [INFO] - Starting benchmark for 15.0 seconds.
2025-06-27 13:02:00,339 [INFO] - Benchmark finished. Total operations: 1980 in 15.05s.
2025-06-27 13:02:00,372 [INFO] - Benchmark JSON results saved to 'benchmark_results\results_20250627_130200.json'
2025-06-27 13:02:13,540 [INFO] - User chose 'View High Scores' from 'Benchmark Interface' menu.
2025-06-27 13:02:24,157 [INFO] - User chose 'Return to Main System' from 'Benchmark Interface' menu.
2025-06-27 13:02:24,157 [INFO] - ==================== Application Session Ended (Direct Benchmark Launch) ======================
2025-06-27 13:05:59,286 [INFO] - Not running in a virtual environment. Starting setup...
2025-06-27 13:05:59,349 [INFO] - Virtual environment already exists at C:\Users\ghazl\OneDrive\Desktop\Wow Factor\.venv.
2025-06-27 13:05:59,349 [INFO] - Installing/Updating dependencies from requirements.txt...
2025-06-27 13:06:00,544 [INFO] - Dependencies installed successfully.
2025-06-27 13:06:00,544 [INFO] - Setup complete. Re-launching script inside the virtual environment...
2025-06-27 13:06:01,930 [INFO] - CLI argument '-b' detected. Launching directly into Benchmark Interface.
2025-06-27 13:06:02,805 [INFO] - User chose 'View High Scores' from 'Benchmark Interface' menu.
2025-06-27 13:06:06,870 [INFO] - User chose 'View High Scores' from 'Benchmark Interface' menu.
2025-06-27 13:10:36,735 [INFO] - Not running in a virtual environment. Starting setup...
2025-06-27 13:10:36,815 [INFO] - Virtual environment already exists at C:\Users\ghazl\OneDrive\Desktop\Wow Factor\.venv.
2025-06-27 13:10:36,815 [INFO] - Installing/Updating dependencies from requirements.txt...
2025-06-27 13:10:38,126 [INFO] - Dependencies installed successfully.
2025-06-27 13:10:38,127 [INFO] - Setup complete. Re-launching script inside the virtual environment...
2025-06-27 13:10:41,346 [INFO] - CLI argument '-b' detected. Launching directly into Benchmark Interface.
2025-06-27 13:10:44,701 [INFO] - User chose 'View High Scores' from 'Benchmark Interface' menu.
2025-06-27 13:11:03,646 [INFO] - User chose 'Run New Benchmark' from 'Benchmark Interface' menu.
2025-06-27 13:11:05,169 [INFO] - Starting benchmark for 15.0 seconds.
2025-06-27 13:11:20,223 [INFO] - Benchmark finished. Total operations: 1627 in 15.05s.
2025-06-27 13:11:20,267 [WARNING] - Could not get detailed CPU info: Command 'wmic cpu get name' returned non-zero exit status 1.
2025-06-27 13:11:20,268 [INFO] - Benchmark JSON results saved to 'benchmark_results\results_20250627_131120.json'
2025-06-27 13:11:26,289 [INFO] - User chose 'Run New Benchmark' from 'Benchmark Interface' menu.
2025-06-27 13:11:29,866 [INFO] - Starting benchmark for 2.0 seconds.
2025-06-27 13:11:31,869 [INFO] - Benchmark finished. Total operations: 228 in 2.00s.
2025-06-27 13:11:31,879 [WARNING] - Could not get detailed CPU info: Command 'wmic cpu get name' returned non-zero exit status 1.
2025-06-27 13:11:31,880 [INFO] - Benchmark JSON results saved to 'benchmark_results\results_20250627_131131.json'
2025-06-27 13:11:38,187 [INFO] - User chose 'Return to Main System' from 'Benchmark Interface' menu.
2025-06-27 13:11:38,187 [INFO] - ==================== Application Session Ended (Direct Benchmark Launch) ======================
2025-06-27 13:19:16,021 [INFO] - Virtual environment setup or dependency update required.
2025-06-27 13:19:16,084 [INFO] - Virtual environment already exists at C:\Users\ghazl\OneDrive\Desktop\Wow Factor\.venv.
2025-06-27 13:19:16,084 [INFO] - Installing/Updating dependencies from requirements.txt...
2025-06-27 13:19:17,977 [INFO] - Dependencies installed successfully.
2025-06-27 13:19:17,977 [INFO] - Setup complete. Re-launching script inside the virtual environment...
2025-06-27 13:19:19,301 [INFO] - Virtual environment setup or dependency update required.
2025-06-27 13:19:19,329 [INFO] - Virtual environment already exists at C:\Users\ghazl\OneDrive\Desktop\Wow Factor\.venv.
2025-06-27 13:19:19,330 [INFO] - Installing/Updating dependencies from requirements.txt...
2025-06-27 13:19:21,118 [INFO] - Dependencies installed successfully.
2025-06-27 13:25:19,140 [INFO] - Not running in a virtual environment. Starting setup...
2025-06-27 13:25:19,202 [INFO] - Virtual environment already exists at C:\Users\ghazl\OneDrive\Desktop\Wow Factor\.venv.
2025-06-27 13:25:19,202 [INFO] - Installing/Updating dependencies from requirements.txt...
2025-06-27 13:25:21,436 [INFO] - Dependencies installed successfully.
2025-06-27 13:25:21,437 [INFO] - Setup complete. Re-launching script inside the virtual environment...
2025-06-27 13:25:22,773 [CRITICAL] - FATAL: A required package is missing even after setup: No module named 'py_cpuinfo'
2025-06-27 13:25:22,773 [CRITICAL] - Please try deleting the '.venv' directory and running the script again.
2025-06-27 13:28:59,531 [INFO] - Not running in a virtual environment. Starting setup...
2025-06-27 13:28:59,568 [INFO] - Virtual environment already exists at C:\Users\ghazl\OneDrive\Desktop\Wow Factor\.venv.
2025-06-27 13:28:59,568 [INFO] - Installing/Updating dependencies from requirements.txt...
2025-06-27 13:29:01,688 [INFO] - Dependencies installed successfully.
2025-06-27 13:29:01,689 [INFO] - Setup complete. Re-launching script inside the virtual environment...
2025-06-27 13:29:03,359 [INFO] - CLI argument '-b' detected. Launching directly into Benchmark Interface.
2025-06-27 13:29:11,609 [INFO] - User chose 'Run New Benchmark' from 'Benchmark Interface' menu.
2025-06-27 13:29:12,746 [INFO] - Starting benchmark for 15.0 seconds.
2025-06-27 13:29:27,798 [INFO] - Benchmark finished. Total operations: 1707 in 15.05s.
2025-06-27 13:29:29,118 [INFO] - Benchmark JSON results saved to 'benchmark_results\results_20250627_132927.json'
2025-06-27 13:29:34,443 [INFO] - User chose 'View High Scores' from 'Benchmark Interface' menu.
2025-06-27 13:31:38,128 [INFO] - User chose 'Run Batch Benchmark' from 'Benchmark Interface' menu.
2025-06-27 13:31:45,585 [INFO] - Starting benchmark for 1 seconds.
2025-06-27 13:31:46,637 [INFO] - Benchmark finished. Total operations: 89 in 1.05s.
2025-06-27 13:31:47,958 [INFO] - Benchmark JSON results saved to 'benchmark_results\results_20250627_133146.json'
2025-06-27 13:31:50,977 [INFO] - Starting benchmark for 1 seconds.
2025-06-27 13:31:52,003 [INFO] - Benchmark finished. Total operations: 103 in 1.03s.
2025-06-27 13:31:53,285 [INFO] - Benchmark JSON results saved to 'benchmark_results\results_20250627_133152.json'
2025-06-27 13:31:56,305 [INFO] - Starting benchmark for 1 seconds.
2025-06-27 13:31:57,318 [INFO] - Benchmark finished. Total operations: 128 in 1.01s.
2025-06-27 13:31:58,593 [INFO] - Benchmark JSON results saved to 'benchmark_results\results_20250627_133157.json'
2025-06-27 13:32:01,613 [INFO] - Starting benchmark for 1 seconds.
2025-06-27 13:32:02,666 [INFO] - Benchmark finished. Total operations: 132 in 1.05s.
2025-06-27 13:32:03,939 [INFO] - Benchmark JSON results saved to 'benchmark_results\results_20250627_133202.json'
2025-06-27 13:32:06,959 [INFO] - Starting benchmark for 1 seconds.
2025-06-27 13:32:07,984 [INFO] - Benchmark finished. Total operations: 150 in 1.03s.
2025-06-27 13:32:09,254 [INFO] - Benchmark JSON results saved to 'benchmark_results\results_20250627_133207.json'
2025-06-27 13:32:12,274 [INFO] - Starting benchmark for 1 seconds.
2025-06-27 13:32:13,298 [INFO] - Benchmark finished. Total operations: 124 in 1.02s.
2025-06-27 13:32:14,574 [INFO] - Benchmark JSON results saved to 'benchmark_results\results_20250627_133213.json'
2025-06-27 13:32:17,593 [INFO] - Starting benchmark for 1 seconds.
2025-06-27 13:32:18,625 [INFO] - Benchmark finished. Total operations: 96 in 1.03s.
2025-06-27 13:32:19,892 [INFO] - Benchmark JSON results saved to 'benchmark_results\results_20250627_133218.json'
2025-06-27 13:32:22,910 [INFO] - Starting benchmark for 1 seconds.
2025-06-27 13:32:23,923 [INFO] - Benchmark finished. Total operations: 139 in 1.01s.
2025-06-27 13:32:25,185 [INFO] - Benchmark JSON results saved to 'benchmark_results\results_20250627_133223.json'
2025-06-27 13:32:28,204 [INFO] - Starting benchmark for 1 seconds.
2025-06-27 13:32:29,221 [INFO] - Benchmark finished. Total operations: 168 in 1.02s.
2025-06-27 13:32:30,487 [INFO] - Benchmark JSON results saved to 'benchmark_results\results_20250627_133229.json'
2025-06-27 13:32:33,506 [INFO] - Starting benchmark for 1 seconds.
2025-06-27 13:32:34,525 [INFO] - Benchmark finished. Total operations: 131 in 1.02s.
2025-06-27 13:32:35,791 [INFO] - Benchmark JSON results saved to 'benchmark_results\results_20250627_133234.json'
2025-06-27 13:32:38,810 [INFO] - Starting benchmark for 1 seconds.
2025-06-27 13:32:39,822 [INFO] - Benchmark finished. Total operations: 164 in 1.01s.
2025-06-27 13:32:41,088 [INFO] - Benchmark JSON results saved to 'benchmark_results\results_20250627_133239.json'
2025-06-27 13:32:44,107 [INFO] - Starting benchmark for 1 seconds.
2025-06-27 13:32:45,114 [INFO] - Benchmark finished. Total operations: 107 in 1.01s.
2025-06-27 13:32:46,381 [INFO] - Benchmark JSON results saved to 'benchmark_results\results_20250627_133245.json'
2025-06-27 13:32:49,400 [INFO] - Starting benchmark for 1 seconds.
2025-06-27 13:32:50,414 [INFO] - Benchmark finished. Total operations: 123 in 1.01s.
2025-06-27 13:32:51,680 [INFO] - Benchmark JSON results saved to 'benchmark_results\results_20250627_133250.json'
2025-06-27 13:32:54,698 [INFO] - Starting benchmark for 1 seconds.
2025-06-27 13:32:55,719 [INFO] - Benchmark finished. Total operations: 130 in 1.02s.
2025-06-27 13:32:56,986 [INFO] - Benchmark JSON results saved to 'benchmark_results\results_20250627_133255.json'
2025-06-27 13:33:00,005 [INFO] - Starting benchmark for 1 seconds.
2025-06-27 13:33:01,013 [INFO] - Benchmark finished. Total operations: 86 in 1.01s.
2025-06-27 13:33:02,281 [INFO] - Benchmark JSON results saved to 'benchmark_results\results_20250627_133301.json'
2025-06-27 13:33:05,300 [INFO] - Starting benchmark for 1 seconds.
2025-06-27 13:33:06,311 [INFO] - Benchmark finished. Total operations: 178 in 1.01s.
2025-06-27 13:33:07,577 [INFO] - Benchmark JSON results saved to 'benchmark_results\results_20250627_133306.json'
2025-06-27 13:33:10,596 [INFO] - Starting benchmark for 1 seconds.
2025-06-27 13:33:11,620 [INFO] - Benchmark finished. Total operations: 176 in 1.02s.
2025-06-27 13:33:12,886 [INFO] - Benchmark JSON results saved to 'benchmark_results\results_20250627_133311.json'
2025-06-27 13:33:15,904 [INFO] - Starting benchmark for 1 seconds.
2025-06-27 13:33:16,919 [INFO] - Benchmark finished. Total operations: 124 in 1.01s.
2025-06-27 13:33:18,186 [INFO] - Benchmark JSON results saved to 'benchmark_results\results_20250627_133316.json'
2025-06-27 13:33:21,205 [INFO] - Starting benchmark for 1 seconds.
2025-06-27 13:33:22,219 [INFO] - Benchmark finished. Total operations: 175 in 1.01s.
2025-06-27 13:33:23,485 [INFO] - Benchmark JSON results saved to 'benchmark_results\results_20250627_133322.json'
2025-06-27 13:33:26,502 [INFO] - Starting benchmark for 1 seconds.
2025-06-27 13:33:27,518 [INFO] - Benchmark finished. Total operations: 140 in 1.02s.
2025-06-27 13:33:28,781 [INFO] - Benchmark JSON results saved to 'benchmark_results\results_20250627_133327.json'
2025-06-27 13:33:31,801 [INFO] - Starting benchmark for 1 seconds.
2025-06-27 13:33:32,869 [INFO] - Benchmark finished. Total operations: 83 in 1.07s.
2025-06-27 13:33:34,132 [INFO] - Benchmark JSON results saved to 'benchmark_results\results_20250627_133332.json'
2025-06-27 13:33:37,150 [INFO] - Starting benchmark for 1 seconds.
2025-06-27 13:33:38,171 [INFO] - Benchmark finished. Total operations: 175 in 1.02s.
2025-06-27 13:33:39,436 [INFO] - Benchmark JSON results saved to 'benchmark_results\results_20250627_133338.json'
2025-06-27 13:33:42,455 [INFO] - Starting benchmark for 1 seconds.
2025-06-27 13:33:43,464 [INFO] - Benchmark finished. Total operations: 105 in 1.01s.
2025-06-27 13:33:44,729 [INFO] - Benchmark JSON results saved to 'benchmark_results\results_20250627_133343.json'
2025-06-27 13:33:47,750 [INFO] - Starting benchmark for 1 seconds.
2025-06-27 13:33:48,771 [INFO] - Benchmark finished. Total operations: 137 in 1.02s.
2025-06-27 13:33:50,038 [INFO] - Benchmark JSON results saved to 'benchmark_results\results_20250627_133348.json'
2025-06-27 13:33:53,058 [INFO] - Starting benchmark for 1 seconds.
2025-06-27 13:33:54,070 [INFO] - Benchmark finished. Total operations: 101 in 1.01s.
2025-06-27 13:33:55,335 [INFO] - Benchmark JSON results saved to 'benchmark_results\results_20250627_133354.json'
2025-06-27 13:33:58,352 [INFO] - Starting benchmark for 1 seconds.
2025-06-27 13:33:59,371 [INFO] - Benchmark finished. Total operations: 127 in 1.02s.
2025-06-27 13:34:00,638 [INFO] - Benchmark JSON results saved to 'benchmark_results\results_20250627_133359.json'
2025-06-27 13:34:03,656 [INFO] - Starting benchmark for 1 seconds.
2025-06-27 13:34:04,676 [INFO] - Benchmark finished. Total operations: 92 in 1.02s.
2025-06-27 13:34:05,944 [INFO] - Benchmark JSON results saved to 'benchmark_results\results_20250627_133404.json'
2025-06-27 13:34:08,962 [INFO] - Starting benchmark for 1 seconds.
2025-06-27 13:34:09,966 [INFO] - Benchmark finished. Total operations: 180 in 1.00s.
2025-06-27 13:34:11,230 [INFO] - Benchmark JSON results saved to 'benchmark_results\results_20250627_133409.json'
2025-06-27 13:34:14,249 [INFO] - Starting benchmark for 1 seconds.
2025-06-27 13:34:15,266 [INFO] - Benchmark finished. Total operations: 164 in 1.02s.
2025-06-27 13:34:16,531 [INFO] - Benchmark JSON results saved to 'benchmark_results\results_20250627_133415.json'
2025-06-27 13:34:19,550 [INFO] - Starting benchmark for 1 seconds.
2025-06-27 13:34:20,576 [INFO] - Benchmark finished. Total operations: 177 in 1.03s.
2025-06-27 13:34:21,842 [INFO] - Benchmark JSON results saved to 'benchmark_results\results_20250627_133420.json'
2025-06-27 13:34:24,861 [INFO] - Starting benchmark for 1 seconds.
2025-06-27 13:34:25,869 [INFO] - Benchmark finished. Total operations: 80 in 1.01s.
2025-06-27 13:34:27,129 [INFO] - Benchmark JSON results saved to 'benchmark_results\results_20250627_133425.json'
2025-06-27 13:38:12,567 [INFO] - Not running in a virtual environment. Starting setup...
2025-06-27 13:38:12,633 [INFO] - Virtual environment already exists at C:\Users\ghazl\OneDrive\Desktop\Wow Factor\.venv.
2025-06-27 13:38:12,633 [INFO] - Installing/Updating dependencies from requirements.txt...
2025-06-27 13:38:14,307 [INFO] - Dependencies installed successfully.
2025-06-27 13:38:14,307 [INFO] - Setup complete. Re-launching script inside the virtual environment...
2025-06-27 13:38:15,940 [INFO] - CLI argument '-b' detected. Launching directly into Benchmark Interface.
2025-06-27 13:38:21,918 [INFO] - User chose 'Run New Benchmark' from 'Benchmark Interface' menu.
2025-06-27 13:38:24,742 [INFO] - Starting benchmark for 1.0 seconds.
2025-06-27 13:38:25,743 [INFO] - Benchmark finished. Total operations: 2309878 in 1.00s.
2025-06-27 13:38:27,013 [INFO] - Benchmark JSON results saved to 'benchmark_results\results_20250627_133825.json'
2025-06-27 13:38:31,966 [INFO] - User chose 'View High Scores' from 'Benchmark Interface' menu.
2025-06-27 13:43:07,028 [INFO] - Not running in a virtual environment. Starting setup...
2025-06-27 13:43:07,089 [INFO] - Virtual environment already exists at C:\Users\ghazl\OneDrive\Desktop\Wow Factor\.venv.
2025-06-27 13:43:07,089 [INFO] - Installing/Updating dependencies from requirements.txt...
2025-06-27 13:43:08,750 [INFO] - Dependencies installed successfully.
2025-06-27 13:43:08,751 [INFO] - Setup complete. Re-launching script inside the virtual environment...
2025-06-27 13:43:10,382 [INFO] - CLI argument '-b' detected. Launching directly into Benchmark Interface.
2025-06-27 13:43:12,614 [INFO] - User chose 'View High Scores' from 'Benchmark Interface' menu.
2025-06-27 13:48:26,278 [INFO] - Not running in a virtual environment. Starting setup...
2025-06-27 13:48:26,318 [INFO] - Virtual environment already exists at C:\Users\ghazl\OneDrive\Desktop\Wow Factor\.venv.
2025-06-27 13:48:26,318 [INFO] - Installing/Updating dependencies from requirements.txt...
2025-06-27 13:48:26,365 [ERROR] - Fatal: An unexpected error occurred during dependency installation: Command '['C:\\Users\\ghazl\\OneDrive\\Desktop\\Wow Factor\\.venv\\Scripts\\python.exe', '-m', 'pip', 'install', '--upgrade', '-r', 'requirements.txt']' returned non-zero exit status 103.
2025-06-27 13:49:58,108 [INFO] - Not running in a virtual environment. Starting setup...
2025-06-27 13:49:58,141 [INFO] - Virtual environment already exists at C:\Users\ghazl\OneDrive\Desktop\Wow Factor\.venv.
2025-06-27 13:49:58,141 [INFO] - Installing/Updating dependencies from requirements.txt...
2025-06-27 13:49:58,154 [ERROR] - Fatal: An unexpected error occurred during dependency installation: Command '['C:\\Users\\ghazl\\OneDrive\\Desktop\\Wow Factor\\.venv\\Scripts\\python.exe', '-m', 'pip', 'install', '--upgrade', '-r', 'requirements.txt']' returned non-zero exit status 103.
2025-06-27 13:50:18,690 [INFO] - Not running in a virtual environment. Starting setup...
2025-06-27 13:50:18,716 [INFO] - Creating virtual environment at C:\Users\ghazl\OneDrive\Desktop\Wow Factor\.venv...
2025-06-27 13:50:24,057 [INFO] - Virtual environment created successfully.
2025-06-27 13:50:24,057 [INFO] - Installing/Updating dependencies from requirements.txt...
2025-06-27 13:51:10,832 [INFO] - Dependencies installed successfully.
2025-06-27 13:51:10,832 [INFO] - Setup complete. Re-launching script inside the virtual environment...
2025-06-27 13:51:15,958 [INFO] - ==================== Application Session Started ====================
2025-06-27 13:51:23,015 [INFO] - User chose 'Benchmark Interface' from 'WowFactor Python' menu.
2025-06-27 13:51:28,844 [INFO] - User chose 'Run New Benchmark' from 'Benchmark Interface' menu.
2025-06-27 13:51:33,583 [INFO] - Starting benchmark for 1.0 seconds.
2025-06-27 13:51:34,584 [INFO] - Benchmark finished. Total operations: 2149614 in 1.00s.
2025-06-27 13:51:35,967 [INFO] - Benchmark JSON results saved to 'benchmark_results\results_20250627_135134.json'
2025-06-27 13:51:47,333 [INFO] - User chose 'View High Scores' from 'Benchmark Interface' menu.
2025-06-27 13:52:57,106 [INFO] - User chose 'Run Batch Benchmark' from 'Benchmark Interface' menu.
2025-06-27 13:53:06,751 [INFO] - Starting benchmark for 2 seconds.
2025-06-27 13:53:08,752 [INFO] - Benchmark finished. Total operations: 4343342 in 2.00s.
2025-06-27 13:53:10,086 [INFO] - Benchmark JSON results saved to 'benchmark_results\results_20250627_135308.json'
2025-06-27 13:53:13,147 [INFO] - Starting benchmark for 2 seconds.
2025-06-27 13:53:15,147 [INFO] - Benchmark finished. Total operations: 4375362 in 2.00s.
2025-06-27 13:53:16,472 [INFO] - Benchmark JSON results saved to 'benchmark_results\results_20250627_135315.json'
2025-06-27 13:53:19,533 [INFO] - Starting benchmark for 2 seconds.
2025-06-27 13:53:21,533 [INFO] - Benchmark finished. Total operations: 4338214 in 2.00s.
2025-06-27 13:53:22,859 [INFO] - Benchmark JSON results saved to 'benchmark_results\results_20250627_135321.json'
2025-06-27 13:53:25,907 [INFO] - Starting benchmark for 2 seconds.
2025-06-27 13:53:27,908 [INFO] - Benchmark finished. Total operations: 4375824 in 2.00s.
2025-06-27 13:53:29,236 [INFO] - Benchmark JSON results saved to 'benchmark_results\results_20250627_135327.json'
2025-06-27 13:53:32,285 [INFO] - Starting benchmark for 2 seconds.
2025-06-27 13:53:34,285 [INFO] - Benchmark finished. Total operations: 4368508 in 2.00s.
2025-06-27 13:53:35,611 [INFO] - Benchmark JSON results saved to 'benchmark_results\results_20250627_135334.json'
2025-06-27 13:53:38,659 [INFO] - Starting benchmark for 2 seconds.
2025-06-27 13:53:40,659 [INFO] - Benchmark finished. Total operations: 4383337 in 2.00s.
2025-06-27 13:53:41,984 [INFO] - Benchmark JSON results saved to 'benchmark_results\results_20250627_135340.json'
2025-06-27 13:53:45,031 [INFO] - Starting benchmark for 2 seconds.
2025-06-27 13:53:47,031 [INFO] - Benchmark finished. Total operations: 4361353 in 2.00s.
2025-06-27 13:53:48,357 [INFO] - Benchmark JSON results saved to 'benchmark_results\results_20250627_135347.json'
2025-06-27 13:53:51,404 [INFO] - Starting benchmark for 2 seconds.
2025-06-27 13:53:53,405 [INFO] - Benchmark finished. Total operations: 4377168 in 2.00s.
2025-06-27 13:53:54,728 [INFO] - Benchmark JSON results saved to 'benchmark_results\results_20250627_135353.json'
2025-06-27 13:53:57,776 [INFO] - Starting benchmark for 2 seconds.
2025-06-27 13:53:59,776 [INFO] - Benchmark finished. Total operations: 4340860 in 2.00s.
2025-06-27 13:54:01,108 [INFO] - Benchmark JSON results saved to 'benchmark_results\results_20250627_135359.json'
2025-06-27 13:54:04,158 [INFO] - Starting benchmark for 2 seconds.
2025-06-27 13:54:06,158 [INFO] - Benchmark finished. Total operations: 4307791 in 2.00s.
2025-06-27 13:54:07,487 [INFO] - Benchmark JSON results saved to 'benchmark_results\results_20250627_135406.json'
2025-06-27 13:54:29,635 [INFO] - User chose 'View High Scores' from 'Benchmark Interface' menu.
2025-06-27 14:17:51,468 [INFO] - Not running in a virtual environment. Starting setup...
2025-06-27 14:17:51,503 [INFO] - Virtual environment already exists at C:\Users\ghazl\OneDrive\Desktop\Wow Factor\.venv.
2025-06-27 14:17:51,503 [INFO] - Installing/Updating dependencies from requirements.txt...
2025-06-27 14:17:54,779 [INFO] - Dependencies installed successfully.
2025-06-27 14:17:54,779 [INFO] - Setup complete. Re-launching script inside the virtual environment...
2025-06-27 14:17:58,422 [INFO] - ==================== Application Session Started ====================
2025-06-27 14:18:12,779 [INFO] - User chose 'Benchmark Interface' from 'WowFactor Python' menu.
2025-06-27 14:18:20,326 [INFO] - User chose 'Run New Benchmark' from 'Benchmark Interface' menu.
2025-06-27 14:18:21,775 [INFO] - Starting benchmark for 15.0 seconds.
2025-06-27 14:18:36,775 [INFO] - Benchmark finished. Total operations: 33338074 in 15.00s.
2025-06-27 14:18:38,138 [INFO] - Benchmark JSON results saved to 'benchmark_results\results_20250627_141836.json'
2025-06-27 14:18:52,803 [INFO] - User chose 'Run Batch Benchmark' from 'Benchmark Interface' menu.
2025-06-27 14:19:00,150 [INFO] - Starting benchmark for 2 seconds.
2025-06-27 14:19:02,150 [INFO] - Benchmark finished. Total operations: 4385947 in 2.00s.
2025-06-27 14:19:03,498 [INFO] - Benchmark JSON results saved to 'benchmark_results\results_20250627_141902.json'
2025-06-27 14:19:06,518 [INFO] - Starting benchmark for 2 seconds.
2025-06-27 14:19:08,519 [INFO] - Benchmark finished. Total operations: 4273401 in 2.00s.
2025-06-27 14:19:09,864 [INFO] - Benchmark JSON results saved to 'benchmark_results\results_20250627_141908.json'
2025-06-27 14:19:12,884 [INFO] - Starting benchmark for 2 seconds.
2025-06-27 14:19:14,884 [INFO] - Benchmark finished. Total operations: 4389522 in 2.00s.
2025-06-27 14:19:16,234 [INFO] - Benchmark JSON results saved to 'benchmark_results\results_20250627_141914.json'
2025-06-27 14:19:19,254 [INFO] - Starting benchmark for 2 seconds.
2025-06-27 14:19:21,254 [INFO] - Benchmark finished. Total operations: 4370629 in 2.00s.
2025-06-27 14:19:22,601 [INFO] - Benchmark JSON results saved to 'benchmark_results\results_20250627_141921.json'
2025-06-27 14:19:25,624 [INFO] - Starting benchmark for 2 seconds.
2025-06-27 14:19:27,624 [INFO] - Benchmark finished. Total operations: 4372254 in 2.00s.
2025-06-27 14:19:28,969 [INFO] - Benchmark JSON results saved to 'benchmark_results\results_20250627_141927.json'
2025-06-27 14:19:31,990 [INFO] - Starting benchmark for 2 seconds.
2025-06-27 14:19:33,990 [INFO] - Benchmark finished. Total operations: 4388774 in 2.00s.
2025-06-27 14:19:35,334 [INFO] - Benchmark JSON results saved to 'benchmark_results\results_20250627_141933.json'
2025-06-27 14:19:38,354 [INFO] - Starting benchmark for 2 seconds.
2025-06-27 14:19:40,355 [INFO] - Benchmark finished. Total operations: 4358431 in 2.00s.
2025-06-27 14:19:41,701 [INFO] - Benchmark JSON results saved to 'benchmark_results\results_20250627_141940.json'
2025-06-27 14:19:44,721 [INFO] - Starting benchmark for 2 seconds.
2025-06-27 14:19:46,721 [INFO] - Benchmark finished. Total operations: 4311699 in 2.00s.
2025-06-27 14:19:48,064 [INFO] - Benchmark JSON results saved to 'benchmark_results\results_20250627_141946.json'
2025-06-27 14:19:51,085 [INFO] - Starting benchmark for 2 seconds.
2025-06-27 14:19:53,085 [INFO] - Benchmark finished. Total operations: 4363701 in 2.00s.
2025-06-27 14:19:54,426 [INFO] - Benchmark JSON results saved to 'benchmark_results\results_20250627_141953.json'
2025-06-27 14:19:57,447 [INFO] - Starting benchmark for 2 seconds.
2025-06-27 14:19:59,447 [INFO] - Benchmark finished. Total operations: 4355757 in 2.00s.
2025-06-27 14:20:00,791 [INFO] - Benchmark JSON results saved to 'benchmark_results\results_20250627_141959.json'
2025-06-27 14:20:21,520 [INFO] - User chose 'View High Scores' from 'Benchmark Interface' menu.
2025-06-27 14:21:20,488 [INFO] - Not running in a virtual environment. Starting setup...
2025-06-27 14:21:20,516 [INFO] - Virtual environment already exists at C:\Users\ghazl\OneDrive\Desktop\Wow Factor\.venv.
2025-06-27 14:21:20,516 [INFO] - Installing/Updating dependencies from requirements.txt...
2025-06-27 14:21:22,196 [INFO] - Dependencies installed successfully.
2025-06-27 14:21:22,196 [INFO] - Setup complete. Re-launching script inside the virtual environment...
2025-06-27 14:21:23,822 [INFO] - ==================== Application Session Started ====================
2025-06-27 14:21:27,061 [INFO] - User chose 'Shape Management' from 'WowFactor Python' menu.
2025-06-27 14:21:32,700 [INFO] - User chose 'Shape Management' from 'WowFactor Python' menu.
2025-06-27 14:21:37,491 [INFO] - User chose 'Benchmark Interface' from 'WowFactor Python' menu.
2025-06-27 14:21:39,214 [INFO] - User chose 'Run Batch Benchmark' from 'Benchmark Interface' menu.
2025-06-27 14:21:44,917 [INFO] - Starting benchmark for 2 seconds.
2025-06-27 14:21:46,917 [INFO] - Benchmark finished. Total operations: 4304391 in 2.00s.
2025-06-27 14:21:48,260 [INFO] - Benchmark JSON results saved to 'benchmark_results\results_20250627_142146.json'
2025-06-27 14:21:51,280 [INFO] - Starting benchmark for 2 seconds.
2025-06-27 14:21:53,280 [INFO] - Benchmark finished. Total operations: 4295132 in 2.00s.
2025-06-27 14:21:54,621 [INFO] - Benchmark JSON results saved to 'benchmark_results\results_20250627_142153.json'
2025-06-27 14:21:57,642 [INFO] - Starting benchmark for 2 seconds.
2025-06-27 14:21:59,642 [INFO] - Benchmark finished. Total operations: 4297816 in 2.00s.
2025-06-27 14:22:00,984 [INFO] - Benchmark JSON results saved to 'benchmark_results\results_20250627_142159.json'
2025-06-27 14:22:04,005 [INFO] - Starting benchmark for 2 seconds.
2025-06-27 14:22:06,006 [INFO] - Benchmark finished. Total operations: 4297686 in 2.00s.
2025-06-27 14:22:07,347 [INFO] - Benchmark JSON results saved to 'benchmark_results\results_20250627_142206.json'
2025-06-27 14:22:10,367 [INFO] - Starting benchmark for 2 seconds.
2025-06-27 14:22:12,367 [INFO] - Benchmark finished. Total operations: 4312339 in 2.00s.
2025-06-27 14:22:13,710 [INFO] - Benchmark JSON results saved to 'benchmark_results\results_20250627_142212.json'
2025-06-27 14:22:16,730 [INFO] - Starting benchmark for 2 seconds.
2025-06-27 14:22:18,730 [INFO] - Benchmark finished. Total operations: 4314138 in 2.00s.
2025-06-27 14:22:20,075 [INFO] - Benchmark JSON results saved to 'benchmark_results\results_20250627_142218.json'
2025-06-27 14:22:23,095 [INFO] - Starting benchmark for 2 seconds.
2025-06-27 14:22:25,096 [INFO] - Benchmark finished. Total operations: 4313022 in 2.00s.
2025-06-27 14:22:26,435 [INFO] - Benchmark JSON results saved to 'benchmark_results\results_20250627_142225.json'
2025-06-27 14:22:29,455 [INFO] - Starting benchmark for 2 seconds.
2025-06-27 14:22:31,455 [INFO] - Benchmark finished. Total operations: 4325332 in 2.00s.
2025-06-27 14:22:32,794 [INFO] - Benchmark JSON results saved to 'benchmark_results\results_20250627_142231.json'
2025-06-27 14:22:35,815 [INFO] - Starting benchmark for 2 seconds.
2025-06-27 14:22:37,815 [INFO] - Benchmark finished. Total operations: 4299285 in 2.00s.
2025-06-27 14:22:39,157 [INFO] - Benchmark JSON results saved to 'benchmark_results\results_20250627_142237.json'
2025-06-27 14:22:42,177 [INFO] - Starting benchmark for 2 seconds.
2025-06-27 14:22:44,177 [INFO] - Benchmark finished. Total operations: 4312199 in 2.00s.
2025-06-27 14:22:45,516 [INFO] - Benchmark JSON results saved to 'benchmark_results\results_20250627_142244.json'
2025-06-27 14:23:37,683 [INFO] - User chose 'View High Scores' from 'Benchmark Interface' menu.
2025-06-27 14:27:21,049 [INFO] - User chose 'View High Scores' from 'Benchmark Interface' menu.
2025-06-27 14:27:56,190 [INFO] - User chose 'View High Scores' from 'Benchmark Interface' menu.
2025-06-27 14:35:03,946 [INFO] - User chose 'View High Scores' from 'Benchmark Interface' menu.
2025-06-27 14:36:05,090 [INFO] - User chose 'View High Scores' from 'Benchmark Interface' menu.
2025-06-27 14:38:41,234 [INFO] - User chose 'Run New Benchmark' from 'Benchmark Interface' menu.
2025-06-27 14:38:42,484 [INFO] - Starting benchmark for 15.0 seconds.
2025-06-27 14:38:57,484 [INFO] - Benchmark finished. Total operations: 32203264 in 15.00s.
2025-06-27 14:38:58,840 [INFO] - Benchmark JSON results saved to 'benchmark_results\results_20250627_143857.json'
2025-06-27 14:39:02,124 [INFO] - User chose 'Run New Benchmark' from 'Benchmark Interface' menu.
2025-06-27 14:39:02,574 [INFO] - Starting benchmark for 15.0 seconds.
2025-06-27 14:39:17,574 [INFO] - Benchmark finished. Total operations: 32814232 in 15.00s.
2025-06-27 14:41:49,687 [INFO] - Not running in a virtual environment. Starting setup...
2025-06-27 14:41:49,720 [INFO] - Virtual environment already exists at C:\Users\ghazl\OneDrive\Desktop\Wow Factor\.venv.
2025-06-27 14:41:49,720 [INFO] - Installing/Updating dependencies from requirements.txt...
2025-06-27 14:41:53,116 [INFO] - Dependencies installed successfully.
2025-06-27 14:41:53,116 [INFO] - Setup complete. Re-launching script inside the virtual environment...
2025-06-27 14:41:56,957 [INFO] - ==================== Application Session Started ====================
2025-06-27 14:42:02,844 [INFO] - User chose 'Benchmark Interface' from 'WowFactor Python' menu.
2025-06-27 14:42:11,276 [INFO] - User chose 'Run New Benchmark' from 'Benchmark Interface' menu.
2025-06-27 14:42:13,541 [INFO] - Starting benchmark for 3.0 seconds.
2025-06-27 14:42:16,541 [INFO] - Benchmark finished. Total operations: 6684933 in 3.00s.
2025-06-27 14:42:17,901 [INFO] - Benchmark JSON results saved to 'benchmark_results\results_20250627_144216.json'
2025-06-27 14:47:37,023 [INFO] - User chose 'View High Scores' from 'Benchmark Interface' menu.
2025-06-27 14:47:37,292 [WARNING] - Could not parse or validate benchmark file 'results_20250627_143917.json': Expecting value: line 1 column 1 (char 0)
2025-06-27 14:49:28,848 [INFO] - Not running in a virtual environment. Starting setup...
2025-06-27 14:49:28,881 [INFO] - Virtual environment already exists at C:\Users\ghazl\OneDrive\Desktop\Wow Factor\.venv.
2025-06-27 14:49:28,881 [INFO] - Installing/Updating dependencies from requirements.txt...
2025-06-27 14:49:31,583 [INFO] - Dependencies installed successfully.
2025-06-27 14:49:31,583 [INFO] - Setup complete. Re-launching script inside the virtual environment...
2025-06-27 14:49:34,694 [INFO] - ==================== Application Session Started ====================
2025-06-27 14:49:45,568 [INFO] - User chose 'View Top Scores by Machine' from 'Benchmark Interface' menu.
2025-06-27 14:49:45,575 [WARNING] - Could not parse or validate benchmark file 'results_20250627_143917.json': Expecting value: line 1 column 1 (char 0)
2025-06-27 14:52:17,712 [INFO] - User chose 'Return to Main System' from 'Benchmark Interface' menu.
2025-06-27 14:52:17,712 [INFO] - ==================== Application Session Ended ======================
2025-06-27 14:53:53,954 [INFO] - Not running in a virtual environment. Starting setup...
2025-06-27 14:53:53,985 [INFO] - Virtual environment already exists at C:\Users\ghazl\OneDrive\Desktop\Wow Factor\.venv.
2025-06-27 14:53:53,986 [INFO] - Installing/Updating dependencies from requirements.txt...
2025-06-27 14:53:57,213 [INFO] - Dependencies installed successfully.
2025-06-27 14:53:57,213 [INFO] - Setup complete. Re-launching script inside the virtual environment...
2025-06-27 14:54:00,439 [INFO] - ==================== Application Session Started ====================
2025-06-27 14:54:16,003 [INFO] - User chose 'View Best Score per Machine' from 'Benchmark Interface' menu.
2025-06-27 14:54:16,194 [WARNING] - Could not parse or validate benchmark file 'results_20250627_143917.json': Expecting value: line 1 column 1 (char 0)
2025-06-27 14:58:31,251 [INFO] - User chose 'Compare a Specific CPU' from 'Benchmark Interface' menu.
2025-06-27 14:58:31,258 [WARNING] - Could not parse or validate benchmark file 'results_20250627_143917.json': Expecting value: line 1 column 1 (char 0)
2025-06-27 14:59:02,642 [INFO] - User chose 'View All Scores (Full List)' from 'Benchmark Interface' menu.
2025-06-27 14:59:02,649 [WARNING] - Could not parse or validate benchmark file 'results_20250627_143917.json': Expecting value: line 1 column 1 (char 0)
2025-06-27 14:59:06,189 [INFO] - User chose 'Exit Benchmark Interface' from 'Benchmark Interface' menu.
2025-06-27 14:59:06,189 [INFO] - ==================== Application Session Ended ======================
2025-06-27 15:01:04,113 [INFO] - Not running in a virtual environment. Starting setup...
2025-06-27 15:01:04,142 [INFO] - Virtual environment already exists at C:\Users\ghazl\OneDrive\Desktop\Wow Factor\.venv.
2025-06-27 15:01:04,142 [INFO] - Installing/Updating dependencies from requirements.txt...
2025-06-27 15:01:05,846 [INFO] - Dependencies installed successfully.
2025-06-27 15:01:05,846 [INFO] - Setup complete. Re-launching script inside the virtual environment...
2025-06-27 15:01:07,397 [INFO] - ==================== Application Session Started ====================
2025-06-27 15:01:22,365 [INFO] - ==================== Application Session Ended ======================
2025-06-27 15:02:43,639 [INFO] - Not running in a virtual environment. Starting setup...
2025-06-27 15:02:43,667 [INFO] - Virtual environment already exists at C:\Users\ghazl\OneDrive\Desktop\Wow Factor\.venv.
2025-06-27 15:02:43,667 [INFO] - Installing/Updating dependencies from requirements.txt...
2025-06-27 15:02:45,374 [INFO] - Dependencies installed successfully.
2025-06-27 15:02:45,374 [INFO] - Setup complete. Re-launching script inside the virtual environment...
2025-06-27 15:02:46,919 [INFO] - ==================== Application Session Started ====================
2025-06-27 15:02:50,960 [INFO] - User chose 'View Best Score per Machine' from 'Benchmark Interface' menu.
2025-06-27 15:02:50,968 [WARNING] - Could not parse or validate benchmark file 'results_20250627_143917.json': Expecting value: line 1 column 1 (char 0)
2025-06-27 15:02:57,096 [INFO] - User chose 'Run Batch Benchmark' from 'Benchmark Interface' menu.
2025-06-27 15:03:00,096 [INFO] - Starting benchmark for 2 seconds.
2025-06-27 15:03:02,097 [INFO] - Benchmark finished. Total operations: 12723125 in 2.00s.
2025-06-27 15:03:03,449 [INFO] - Benchmark JSON results saved to 'benchmark_results\results_20250627_150302.json'
2025-06-27 15:03:06,469 [INFO] - Starting benchmark for 2 seconds.
2025-06-27 15:03:08,469 [INFO] - Benchmark finished. Total operations: 12717881 in 2.00s.
2025-06-27 15:03:09,805 [INFO] - Benchmark JSON results saved to 'benchmark_results\results_20250627_150308.json'
2025-06-27 15:03:12,825 [INFO] - Starting benchmark for 2 seconds.
2025-06-27 15:03:14,825 [INFO] - Benchmark finished. Total operations: 12731296 in 2.00s.
2025-06-27 15:03:16,163 [INFO] - Benchmark JSON results saved to 'benchmark_results\results_20250627_150314.json'
2025-06-27 15:03:19,183 [INFO] - Starting benchmark for 2 seconds.
2025-06-27 15:03:21,183 [INFO] - Benchmark finished. Total operations: 12719917 in 2.00s.
2025-06-27 15:03:22,521 [INFO] - Benchmark JSON results saved to 'benchmark_results\results_20250627_150321.json'
2025-06-27 15:03:27,268 [INFO] - User chose 'View Best Score per Machine' from 'Benchmark Interface' menu.
2025-06-27 15:03:27,275 [WARNING] - Could not parse or validate benchmark file 'results_20250627_143917.json': Expecting value: line 1 column 1 (char 0)
2025-06-27 15:03:51,993 [INFO] - User chose 'Run New Benchmark' from 'Benchmark Interface' menu.
2025-06-27 15:03:53,391 [INFO] - Starting benchmark for 15.0 seconds.
2025-06-27 15:04:08,391 [INFO] - Benchmark finished. Total operations: 106815726 in 15.00s.
2025-06-27 15:04:09,731 [INFO] - Benchmark JSON results saved to 'benchmark_results\results_20250627_150408.json'
2025-06-27 15:04:15,612 [INFO] - User chose 'View Best Score per Machine' from 'Benchmark Interface' menu.
2025-06-27 15:04:15,619 [WARNING] - Could not parse or validate benchmark file 'results_20250627_143917.json': Expecting value: line 1 column 1 (char 0)
2025-06-27 15:10:46,509 [INFO] - Not running in a virtual environment. Starting setup...
2025-06-27 15:10:46,540 [INFO] - Virtual environment already exists at C:\Users\ghazl\OneDrive\Desktop\Wow Factor\.venv.
2025-06-27 15:10:46,541 [INFO] - Installing/Updating dependencies from requirements.txt...
2025-06-27 15:10:48,198 [INFO] - Dependencies installed successfully.
2025-06-27 15:10:48,198 [INFO] - Setup complete. Re-launching script inside the virtual environment...
2025-06-27 15:10:49,747 [INFO] - ==================== Application Session Started ====================
2025-06-27 15:10:54,351 [INFO] - User chose 'View Best Score per Machine' from 'Benchmark Interface' menu.
2025-06-27 15:10:54,358 [WARNING] - Could not parse or validate benchmark file 'results_20250627_143917.json': Expecting value: line 1 column 1 (char 0)
2025-06-27 15:14:11,174 [INFO] - Not running in a virtual environment. Starting setup...
2025-06-27 15:14:11,204 [INFO] - Virtual environment already exists at C:\Users\ghazl\OneDrive\Desktop\Wow Factor\.venv.
2025-06-27 15:14:11,204 [INFO] - Installing/Updating dependencies from requirements.txt...
2025-06-27 15:14:12,648 [INFO] - Dependencies installed successfully.
2025-06-27 15:14:12,649 [INFO] - Setup complete. Re-launching script inside the virtual environment...
2025-06-27 15:14:13,921 [INFO] - ==================== Application Session Started ====================
2025-06-27 15:14:16,396 [INFO] - User chose 'Run Batch Benchmark' from 'Benchmark Interface' menu.
2025-06-27 15:14:20,690 [INFO] - Starting benchmark for 2 seconds.
2025-06-27 15:14:22,691 [INFO] - Benchmark finished. Total operations: 13104374 in 2.00s.
2025-06-27 15:14:24,035 [INFO] - Benchmark JSON results saved to 'benchmark_results\results_20250627_151422.json'
2025-06-27 15:14:27,055 [INFO] - Starting benchmark for 2 seconds.
2025-06-27 15:14:29,055 [INFO] - Benchmark finished. Total operations: 13078459 in 2.00s.
2025-06-27 15:14:30,398 [INFO] - Benchmark JSON results saved to 'benchmark_results\results_20250627_151429.json'
2025-06-27 15:14:32,870 [INFO] - User chose 'View Best Score per Machine' from 'Benchmark Interface' menu.
2025-06-27 15:14:32,877 [WARNING] - Could not parse or validate benchmark file 'results_20250627_143917.json': Expecting value: line 1 column 1 (char 0)
2025-06-27 15:15:01,933 [INFO] - User chose 'Compare a Specific CPU' from 'Benchmark Interface' menu.
2025-06-27 15:15:01,940 [WARNING] - Could not parse or validate benchmark file 'results_20250627_143917.json': Expecting value: line 1 column 1 (char 0)
2025-06-27 15:15:31,529 [INFO] - User chose 'View All Scores (Full List)' from 'Benchmark Interface' menu.
2025-06-27 15:15:31,536 [WARNING] - Could not parse or validate benchmark file 'results_20250627_143917.json': Expecting value: line 1 column 1 (char 0)
